{"@timestamp": "2023-05-23 17:54:18,273", "message": "Processing PDF file: Want to Reach an Overwhelming Goal_ Try the Simple Trick That's 'Like the Navy Seals, But for Personal Growth.' _ Entrepreneur.pdf", "log.level": "INFO"}
{"@timestamp": "2023-05-23 17:54:18,273", "message": "Processing PDF file: Want to Reach an Overwhelming Goal_ Try the Simple Trick That's 'Like the Navy Seals, But for Personal Growth.' _ Entrepreneur.pdf", "log.level": "INFO"}
{"@timestamp": "2023-05-23 17:54:18,273", "message": "Processing PDF file: Want to Reach an Overwhelming Goal_ Try the Simple Trick That's 'Like the Navy Seals, But for Personal Growth.' _ Entrepreneur.pdf", "log.level": "INFO"}
{"@timestamp": "2023-05-23 17:54:18,273", "message": "Processing PDF file: Want to Reach an Overwhelming Goal_ Try the Simple Trick That's 'Like the Navy Seals, But for Personal Growth.' _ Entrepreneur.pdf", "log.level": "INFO"}
{"@timestamp": "2023-05-23 17:54:18,273", "message": "Processing PDF file: Want to Reach an Overwhelming Goal_ Try the Simple Trick That's 'Like the Navy Seals, But for Personal Growth.' _ Entrepreneur.pdf", "log.level": "INFO"}
{"@timestamp": "2023-05-23 17:54:18,273", "message": "Processing PDF file: Want to Reach an Overwhelming Goal_ Try the Simple Trick That's 'Like the Navy Seals, But for Personal Growth.' _ Entrepreneur.pdf", "log.level": "INFO"}
{"@timestamp": "2023-05-23 17:54:18,273", "message": "Processing PDF file: Want to Reach an Overwhelming Goal_ Try the Simple Trick That's 'Like the Navy Seals, But for Personal Growth.' _ Entrepreneur.pdf", "log.level": "INFO"}
{"@timestamp": "2023-05-23 17:54:18,273", "message": "Processing PDF file: Want to Reach an Overwhelming Goal_ Try the Simple Trick That's 'Like the Navy Seals, But for Personal Growth.' _ Entrepreneur.pdf", "log.level": "INFO"}
{"@timestamp": "2023-05-23 17:54:18,298", "message": "PDF upload and rendering latency: 2.20 seconds", "log.level": "INFO"}
{"@timestamp": "2023-05-23 17:54:18,298", "message": "PDF upload and rendering latency: 2.20 seconds", "log.level": "INFO"}
{"@timestamp": "2023-05-23 17:54:18,298", "message": "PDF upload and rendering latency: 2.20 seconds", "log.level": "INFO"}
{"@timestamp": "2023-05-23 17:54:18,298", "message": "PDF upload and rendering latency: 2.20 seconds", "log.level": "INFO"}
{"@timestamp": "2023-05-23 17:54:18,298", "message": "PDF upload and rendering latency: 2.20 seconds", "log.level": "INFO"}
{"@timestamp": "2023-05-23 17:54:18,298", "message": "PDF upload and rendering latency: 2.20 seconds", "log.level": "INFO"}
{"@timestamp": "2023-05-23 17:54:18,298", "message": "PDF upload and rendering latency: 2.20 seconds", "log.level": "INFO"}
{"@timestamp": "2023-05-23 17:54:18,298", "message": "PDF upload and rendering latency: 2.20 seconds", "log.level": "INFO"}
{"@timestamp": "2023-05-23 17:54:18,299", "message": "Time to display output on screen: 0.00 seconds", "log.level": "INFO"}
{"@timestamp": "2023-05-23 17:54:18,299", "message": "Time to display output on screen: 0.00 seconds", "log.level": "INFO"}
{"@timestamp": "2023-05-23 17:54:18,299", "message": "Time to display output on screen: 0.00 seconds", "log.level": "INFO"}
{"@timestamp": "2023-05-23 17:54:18,299", "message": "Time to display output on screen: 0.00 seconds", "log.level": "INFO"}
{"@timestamp": "2023-05-23 17:54:18,299", "message": "Time to display output on screen: 0.00 seconds", "log.level": "INFO"}
{"@timestamp": "2023-05-23 17:54:18,299", "message": "Time to display output on screen: 0.00 seconds", "log.level": "INFO"}
{"@timestamp": "2023-05-23 17:54:18,299", "message": "Time to display output on screen: 0.00 seconds", "log.level": "INFO"}
{"@timestamp": "2023-05-23 17:54:18,299", "message": "Time to display output on screen: 0.00 seconds", "log.level": "INFO"}
{"@timestamp": 1684882456100, "message": "PDF upload and rendering latency: 2.20 seconds", "log.level": "INFO"}
{"@timestamp": 1684882458298, "message": "Time to display output on screen: 0.00 seconds", "log.level": "INFO"}
{"@timestamp": "2023-05-23 17:54:18,273", "message": "Processing PDF file: Want to Reach an Overwhelming Goal_ Try the Simple Trick That's 'Like the Navy Seals, But for Personal Growth.' _ Entrepreneur.pdf", "log.level": "INFO"}
{"@timestamp": "2023-05-23 17:54:18,273", "message": "Processing PDF file: Want to Reach an Overwhelming Goal_ Try the Simple Trick That's 'Like the Navy Seals, But for Personal Growth.' _ Entrepreneur.pdf", "log.level": "INFO"}
{"@timestamp": "2023-05-23 17:54:18,273", "message": "Processing PDF file: Want to Reach an Overwhelming Goal_ Try the Simple Trick That's 'Like the Navy Seals, But for Personal Growth.' _ Entrepreneur.pdf", "log.level": "INFO"}
{"@timestamp": "2023-05-23 17:54:18,273", "message": "Processing PDF file: Want to Reach an Overwhelming Goal_ Try the Simple Trick That's 'Like the Navy Seals, But for Personal Growth.' _ Entrepreneur.pdf", "log.level": "INFO"}
{"@timestamp": "2023-05-23 17:54:18,273", "message": "Processing PDF file: Want to Reach an Overwhelming Goal_ Try the Simple Trick That's 'Like the Navy Seals, But for Personal Growth.' _ Entrepreneur.pdf", "log.level": "INFO"}
{"@timestamp": "2023-05-23 17:54:18,273", "message": "Processing PDF file: Want to Reach an Overwhelming Goal_ Try the Simple Trick That's 'Like the Navy Seals, But for Personal Growth.' _ Entrepreneur.pdf", "log.level": "INFO"}
{"@timestamp": "2023-05-23 17:54:18,273", "message": "Processing PDF file: Want to Reach an Overwhelming Goal_ Try the Simple Trick That's 'Like the Navy Seals, But for Personal Growth.' _ Entrepreneur.pdf", "log.level": "INFO"}
{"@timestamp": "2023-05-23 17:54:18,273", "message": "Processing PDF file: Want to Reach an Overwhelming Goal_ Try the Simple Trick That's 'Like the Navy Seals, But for Personal Growth.' _ Entrepreneur.pdf", "log.level": "INFO"}
{"@timestamp": "2023-05-23 17:54:18,298", "message": "PDF upload and rendering latency: 2.20 seconds", "log.level": "INFO"}
{"@timestamp": "2023-05-23 17:54:18,298", "message": "PDF upload and rendering latency: 2.20 seconds", "log.level": "INFO"}
{"@timestamp": "2023-05-23 17:54:18,298", "message": "PDF upload and rendering latency: 2.20 seconds", "log.level": "INFO"}
{"@timestamp": "2023-05-23 17:54:18,298", "message": "PDF upload and rendering latency: 2.20 seconds", "log.level": "INFO"}
{"@timestamp": "2023-05-23 17:54:18,298", "message": "PDF upload and rendering latency: 2.20 seconds", "log.level": "INFO"}
{"@timestamp": "2023-05-23 17:54:18,298", "message": "PDF upload and rendering latency: 2.20 seconds", "log.level": "INFO"}
{"@timestamp": "2023-05-23 17:54:18,298", "message": "PDF upload and rendering latency: 2.20 seconds", "log.level": "INFO"}
{"@timestamp": "2023-05-23 17:54:18,298", "message": "PDF upload and rendering latency: 2.20 seconds", "log.level": "INFO"}
{"@timestamp": "2023-05-23 17:54:18,299", "message": "Time to display output on screen: 0.00 seconds", "log.level": "INFO"}
{"@timestamp": "2023-05-23 17:54:18,299", "message": "Time to display output on screen: 0.00 seconds", "log.level": "INFO"}
{"@timestamp": "2023-05-23 17:54:18,299", "message": "Time to display output on screen: 0.00 seconds", "log.level": "INFO"}
{"@timestamp": "2023-05-23 17:54:18,299", "message": "Time to display output on screen: 0.00 seconds", "log.level": "INFO"}
{"@timestamp": "2023-05-23 17:54:18,299", "message": "Time to display output on screen: 0.00 seconds", "log.level": "INFO"}
{"@timestamp": "2023-05-23 17:54:18,299", "message": "Time to display output on screen: 0.00 seconds", "log.level": "INFO"}
{"@timestamp": "2023-05-23 17:54:18,299", "message": "Time to display output on screen: 0.00 seconds", "log.level": "INFO"}
{"@timestamp": "2023-05-23 17:54:18,299", "message": "Time to display output on screen: 0.00 seconds", "log.level": "INFO"}
{"@timestamp": 1684882456100, "message": "PDF upload and rendering latency: 2.20 seconds", "log.level": "INFO"}
{"@timestamp": 1684882458298, "message": "Time to display output on screen: 0.00 seconds", "log.level": "INFO"}
